-------------------------------------------------------------------------------
Test set: com.mycompany.calculatortest.CalculatorTest
-------------------------------------------------------------------------------
Tests run: 1, Failures: 1, Errors: 0, Skipped: 0, Time elapsed: 0.031 s <<< FAILURE! - in com.mycompany.calculatortest.CalculatorTest
testAdd  Time elapsed: 0.016 s  <<< FAILURE!
org.opentest4j.AssertionFailedError: The test case is a prototype.
	at com.mycompany.calculatortest.CalculatorTest.testAdd(CalculatorTest.java:94)

